Unity Editor version:    2021.3.8f1 (b30333d56e81)
Branch:                  2021.3/staging
Build type:              Release
Batch mode:              YES
macOS version:           Version 12.6 (Build 21G115)
Darwin version:          21.6.0
Architecture:            x86_64
Running under Rosetta:   NO
Available memory:        16384 MB
Using pre-set license
Pro License: YES

COMMAND LINE ARGUMENTS:
/Applications/Unity/Hub/Editor/2021.3.8f1/Unity.app/Contents/MacOS/Unity
-adb2
-batchMode
-noUpm
-name
AssetImportWorker0
-projectPath
/Users/baehyeon-a/Artscloud/Artscloud_Metaverse
-logFile
Logs/AssetImportWorker0.log
-srvPort
56889
Successfully changed project path to: /Users/baehyeon-a/Artscloud/Artscloud_Metaverse
/Users/baehyeon-a/Artscloud/Artscloud_Metaverse
[UnityMemory] Configuration Parameters - Can be set up in boot.config
    "memorysetup-bucket-allocator-granularity=16"
    "memorysetup-bucket-allocator-bucket-count=8"
    "memorysetup-bucket-allocator-block-size=33554432"
    "memorysetup-bucket-allocator-block-count=8"
    "memorysetup-main-allocator-block-size=16777216"
    "memorysetup-thread-allocator-block-size=16777216"
    "memorysetup-gfx-main-allocator-block-size=16777216"
    "memorysetup-gfx-thread-allocator-block-size=16777216"
    "memorysetup-cache-allocator-block-size=4194304"
    "memorysetup-typetree-allocator-block-size=2097152"
    "memorysetup-profiler-bucket-allocator-granularity=16"
    "memorysetup-profiler-bucket-allocator-bucket-count=8"
    "memorysetup-profiler-bucket-allocator-block-size=33554432"
    "memorysetup-profiler-bucket-allocator-block-count=8"
    "memorysetup-profiler-allocator-block-size=16777216"
    "memorysetup-profiler-editor-allocator-block-size=1048576"
    "memorysetup-temp-allocator-size-main=16777216"
    "memorysetup-job-temp-allocator-block-size=2097152"
    "memorysetup-job-temp-allocator-block-size-background=1048576"
    "memorysetup-job-temp-allocator-reduction-small-platforms=262144"
    "memorysetup-temp-allocator-size-background-worker=32768"
    "memorysetup-temp-allocator-size-job-worker=262144"
    "memorysetup-temp-allocator-size-preload-manager=33554432"
    "memorysetup-temp-allocator-size-nav-mesh-worker=65536"
    "memorysetup-temp-allocator-size-audio-worker=65536"
    "memorysetup-temp-allocator-size-cloud-worker=32768"
    "memorysetup-temp-allocator-size-gi-baking-worker=262144"
    "memorysetup-temp-allocator-size-gfx=262144"
Refreshing native plugins compatible for Editor in 95.31 ms, found 2 plugins.
Preloading 0 native plugins for Editor in 0.00 ms.
Initialize engine version: 2021.3.8f1 (b30333d56e81)
[Subsystems] Discovering subsystems at path /Applications/Unity/Hub/Editor/2021.3.8f1/Unity.app/Contents/Resources/UnitySubsystems
[Subsystems] Discovering subsystems at path /Users/baehyeon-a/Artscloud/Artscloud_Metaverse/Assets
GfxDevice: creating device client; threaded=0; jobified=0
Color LCD preferred device: Intel(R) UHD Graphics 630 (low power)
Metal devices available: 2
0: AMD Radeon Pro 5500M (high power)
1: Intel(R) UHD Graphics 630 (low power)
Using device AMD Radeon Pro 5500M (high power)
Initializing Metal device caps: AMD Radeon Pro 5500M
Initialize mono
Mono path[0] = '/Applications/Unity/Hub/Editor/2021.3.8f1/Unity.app/Contents/Managed'
Mono path[1] = '/Applications/Unity/Hub/Editor/2021.3.8f1/Unity.app/Contents/MonoBleedingEdge/lib/mono/unityjit-macos'
Mono config path = '/Applications/Unity/Hub/Editor/2021.3.8f1/Unity.app/Contents/MonoBleedingEdge/etc'
Using monoOptions --debugger-agent=transport=dt_socket,embedding=1,server=y,suspend=n,address=127.0.0.1:56172
Begin MonoManager ReloadAssembly
Registering precompiled unity dll's ...
Register platform support module: /Applications/Unity/Hub/Editor/2021.3.8f1/Unity.app/Contents/PlaybackEngines/MacStandaloneSupport/UnityEditor.OSXStandalone.Extensions.dll
Register platform support module: /Applications/Unity/Hub/Editor/2021.3.8f1/PlaybackEngines/AndroidPlayer/UnityEditor.Android.Extensions.dll
Register platform support module: /Applications/Unity/Hub/Editor/2021.3.8f1/PlaybackEngines/iOSSupport/UnityEditor.iOS.Extensions.dll
Registered in 0.003818 seconds.
[usbmuxd] Start listen thread
[usbmuxd] Listen thread started
[usbmuxd] Send listen message
Native extension for iOS target not found
Native extension for Android target not found
Native extension for OSXStandalone target not found
Refreshing native plugins compatible for Editor in 100.69 ms, found 2 plugins.
Preloading 0 native plugins for Editor in 0.00 ms.
Mono: successfully reloaded assembly
- Completed reload, in  0.982 seconds
Domain Reload Profiling:
	ReloadAssembly (983ms)
		BeginReloadAssembly (144ms)
			ExecutionOrderSort (0ms)
			DisableScriptedObjects (0ms)
			BackupInstance (0ms)
			ReleaseScriptingObjects (0ms)
			CreateAndSetChildDomain (1ms)
		EndReloadAssembly (678ms)
			LoadAssemblies (148ms)
			RebuildTransferFunctionScriptingTraits (0ms)
			SetupTypeCache (171ms)
			ReleaseScriptCaches (0ms)
			RebuildScriptCaches (42ms)
			SetupLoadedEditorAssemblies (399ms)
				LogAssemblyErrors (0ms)
				InitializePlatformSupportModulesInManaged (100ms)
				SetLoadedEditorAssemblies (0ms)
				RefreshPlugins (101ms)
				BeforeProcessingInitializeOnLoad (2ms)
				ProcessInitializeOnLoadAttributes (140ms)
				ProcessInitializeOnLoadMethodAttributes (56ms)
				AfterProcessingInitializeOnLoad (0ms)
				EditorAssembliesLoaded (0ms)
			ExecutionOrderSort2 (0ms)
			AwakeInstancesAfterBackupRestoration (0ms)
Platform modules already initialized, skipping
Registering precompiled user dll's ...
Registered in 0.003862 seconds.
Begin MonoManager ReloadAssembly
Symbol file LoadedFromMemory doesn't match image /Users/baehyeon-a/Artscloud/Artscloud_Metaverse/Library/PackageCache/com.unity.visualscripting@1.7.8/Editor/VisualScripting.Core/Dependencies/YamlDotNet/Unity.VisualScripting.YamlDotNet.dll
Symbol file LoadedFromMemory doesn't match image /Users/baehyeon-a/Artscloud/Artscloud_Metaverse/Library/PackageCache/com.unity.visualscripting@1.7.8/Editor/VisualScripting.Core/Dependencies/DotNetZip/Unity.VisualScripting.IonicZip.dll
Native extension for iOS target not found
Native extension for Android target not found
Native extension for OSXStandalone target not found
Refreshing native plugins compatible for Editor in 0.96 ms, found 2 plugins.
Preloading 0 native plugins for Editor in 0.00 ms.
Mono: successfully reloaded assembly
- Completed reload, in  1.622 seconds
Domain Reload Profiling:
	ReloadAssembly (1623ms)
		BeginReloadAssembly (286ms)
			ExecutionOrderSort (0ms)
			DisableScriptedObjects (9ms)
			BackupInstance (0ms)
			ReleaseScriptingObjects (0ms)
			CreateAndSetChildDomain (153ms)
		EndReloadAssembly (1154ms)
			LoadAssemblies (133ms)
			RebuildTransferFunctionScriptingTraits (0ms)
			SetupTypeCache (412ms)
			ReleaseScriptCaches (3ms)
			RebuildScriptCaches (70ms)
			SetupLoadedEditorAssemblies (499ms)
				LogAssemblyErrors (0ms)
				InitializePlatformSupportModulesInManaged (34ms)
				SetLoadedEditorAssemblies (1ms)
				RefreshPlugins (1ms)
				BeforeProcessingInitializeOnLoad (98ms)
				ProcessInitializeOnLoadAttributes (320ms)
				ProcessInitializeOnLoadMethodAttributes (44ms)
				AfterProcessingInitializeOnLoad (1ms)
				EditorAssembliesLoaded (0ms)
			ExecutionOrderSort2 (0ms)
			AwakeInstancesAfterBackupRestoration (5ms)
Platform modules already initialized, skipping
========================================================================
Worker process is ready to serve import requests
Launching external process: /Applications/Unity/Hub/Editor/2021.3.8f1/Unity.app/Contents/Tools/UnityShaderCompiler
Launched and connected shader compiler UnityShaderCompiler after 0.08 seconds
Refreshing native plugins compatible for Editor in 0.51 ms, found 2 plugins.
Preloading 0 native plugins for Editor in 0.00 ms.
Unloading 3394 Unused Serialized files (Serialized files now loaded: 0)
Unloading 27 unused Assets / (94.5 KB). Loaded Objects now: 3856.
Memory consumption went from 260.1 MB to 260.0 MB.
Total: 4.145317 ms (FindLiveObjects: 0.279538 ms CreateObjectMapping: 0.190977 ms MarkObjects: 3.498797 ms  DeleteObjects: 0.175122 ms)

AssetImportParameters requested are different than current active one (requested -> active):
  custom:video-decoder-ogg-theora: a1e56fd34408186e4bbccfd4996cb3dc -> 
  custom:container-muxer-webm: aa71ff27fc2769a1b78a27578f13a17b -> 
  custom:container-demuxer-webm: 4f35f7cbe854078d1ac9338744f61a02 -> 
  custom:video-encoder-webm-vp8: eb34c28f22e8b96e1ab97ce403110664 -> 
  custom:framework-osx-AVFoundation: e770b220cccbd017edd2c1fefb359320 -> 
  custom:audio-encoder-webm-vorbis: bf7c407c2cedff20999df2af8eb42d56 -> 
  custom:container-demuxer-ogg: 62fdf1f143b41e24485cea50d1cbac27 -> 
  custom:video-decoder-webm-vp8: 9c59270c3fd7afecdb556c50c9e8de78 -> 
  custom:audio-decoder-ogg-vorbis: bf7c407c2cedff20999df2af8eb42d56 -> 
========================================================================
Received Import Request.
  Time since last request: 25759.767491 seconds.
  path: Assets/Asset/createsound
  artifactKey: Guid(86dd6f97f03dc4d2e98188bd2d8a0ed4) Importer(815301076,1909f56bfc062723c751e8b465ee728b)
Start importing Assets/Asset/createsound using Guid(86dd6f97f03dc4d2e98188bd2d8a0ed4) Importer(815301076,1909f56bfc062723c751e8b465ee728b)  -> (artifact id: '3965e15a4717264b60e337e374477e5c') in 0.007431 seconds 
========================================================================
Received Import Request.
  Time since last request: 13.871598 seconds.
  path: Assets/Asset/CreateSound
  artifactKey: Guid(86dd6f97f03dc4d2e98188bd2d8a0ed4) Importer(815301076,1909f56bfc062723c751e8b465ee728b)
Start importing Assets/Asset/CreateSound using Guid(86dd6f97f03dc4d2e98188bd2d8a0ed4) Importer(815301076,1909f56bfc062723c751e8b465ee728b)  -> (artifact id: '0e163a472f7c77481649afa5eaae3c8e') in 0.000762 seconds 
========================================================================
Received Import Request.
  Time since last request: 24.854965 seconds.
  path: Assets/Asset/CreateSound/play.png
  artifactKey: Guid(d30ecc66db5e74e4588dbc7fb16575b9) Importer(815301076,1909f56bfc062723c751e8b465ee728b)
Start importing Assets/Asset/CreateSound/play.png using Guid(d30ecc66db5e74e4588dbc7fb16575b9) Importer(815301076,1909f56bfc062723c751e8b465ee728b)  -> (artifact id: '73a61be8ea17baa334e136120b8918d4') in 0.346884 seconds 
========================================================================
Received Import Request.
  Time since last request: 10.438557 seconds.
  path: Assets/Asset/CreateSound/funpop.mp3
  artifactKey: Guid(49c0c649a5f5e41dbb134bf7212ffc70) Importer(815301076,1909f56bfc062723c751e8b465ee728b)
Start importing Assets/Asset/CreateSound/funpop.mp3 using Guid(49c0c649a5f5e41dbb134bf7212ffc70) Importer(815301076,1909f56bfc062723c751e8b465ee728b)  -> (artifact id: '1bd287f3c8629ad53ec998d02b310f33') in 0.250583 seconds 
========================================================================
Received Import Request.
  Time since last request: 29.067618 seconds.
  path: Assets/Asset/CreateSound/fun2.mp3
  artifactKey: Guid(46fa003893c9a4dff9a917ec6eb26a8b) Importer(815301076,1909f56bfc062723c751e8b465ee728b)
Start importing Assets/Asset/CreateSound/fun2.mp3 using Guid(46fa003893c9a4dff9a917ec6eb26a8b) Importer(815301076,1909f56bfc062723c751e8b465ee728b)  -> (artifact id: '1886b34e1fcf35dcda66260eba852037') in 0.019866 seconds 
========================================================================
Received Import Request.
  Time since last request: 0.000058 seconds.
  path: Assets/Asset/CreateSound/sad2.mp3
  artifactKey: Guid(e33dc41e55f3b45878e84521cb93d21b) Importer(815301076,1909f56bfc062723c751e8b465ee728b)
Start importing Assets/Asset/CreateSound/sad2.mp3 using Guid(e33dc41e55f3b45878e84521cb93d21b) Importer(815301076,1909f56bfc062723c751e8b465ee728b)  -> (artifact id: '763e1c46cca09d725c7880e867f46b97') in 0.024365 seconds 
========================================================================
Received Import Request.
  Time since last request: 0.000058 seconds.
  path: Assets/Asset/CreateSound/sad.mp3
  artifactKey: Guid(5003cb625a7f94dbbb1403d09e858a7e) Importer(815301076,1909f56bfc062723c751e8b465ee728b)
Start importing Assets/Asset/CreateSound/sad.mp3 using Guid(5003cb625a7f94dbbb1403d09e858a7e) Importer(815301076,1909f56bfc062723c751e8b465ee728b)  -> (artifact id: 'e8254589bf986a51ecc6fc8d31f92c5b') in 0.016636 seconds 
========================================================================
Received Import Request.
  Time since last request: 0.000076 seconds.
  path: Assets/Asset/CreateSound/gloomy2.mp3
  artifactKey: Guid(eb3f44e31e1af4fbbaa759e65d502431) Importer(815301076,1909f56bfc062723c751e8b465ee728b)
Start importing Assets/Asset/CreateSound/gloomy2.mp3 using Guid(eb3f44e31e1af4fbbaa759e65d502431) Importer(815301076,1909f56bfc062723c751e8b465ee728b)  -> (artifact id: 'a7264f5ad1054d18bb0ffe68a9385f05') in 0.010193 seconds 
========================================================================
Received Import Request.
  Time since last request: 0.000060 seconds.
  path: Assets/Asset/CreateSound/gloomy.mp3
  artifactKey: Guid(332d885f706ff47bba8295b23d5c976c) Importer(815301076,1909f56bfc062723c751e8b465ee728b)
Start importing Assets/Asset/CreateSound/gloomy.mp3 using Guid(332d885f706ff47bba8295b23d5c976c) Importer(815301076,1909f56bfc062723c751e8b465ee728b)  -> (artifact id: '0b3b5a247fb6d1ee427b544c88af6db4') in 0.011346 seconds 
========================================================================
Received Import Request.
  Time since last request: 0.000083 seconds.
  path: Assets/Asset/CreateSound/fun4.mp3
  artifactKey: Guid(e8728f20a2f1f4e6ca6313008c5906a8) Importer(815301076,1909f56bfc062723c751e8b465ee728b)
Start importing Assets/Asset/CreateSound/fun4.mp3 using Guid(e8728f20a2f1f4e6ca6313008c5906a8) Importer(815301076,1909f56bfc062723c751e8b465ee728b)  -> (artifact id: '6e279ff444f1b2b7b16298eb514b9a19') in 0.012626 seconds 
Editor requested this worker to shutdown with reason: Scaling down because of idle timeout
AssetImportWorker is now disconnected from the server
Process exiting
